nohup: ignoring input
{'没关系': 0, '毕业院校': 1, '主角': 2, '占地面积': 3, '成立日期': 4, '主题曲': 5, '歌手': 6, '创始人': 7, '简称': 8, '母亲': 9, '人口数量': 10, '嘉宾': 11, '代言人': 12, '校长': 13, '官方语言': 14, '邮政编码': 15, '父亲': 16, '所属专辑': 17, '主持人': 18, '祖籍': 19, '面积': 20, '票房': 21, '国籍': 22, '作者': 23, '首都': 24, '所在城市': 25, '作曲': 26, '导演': 27, '饰演': 28, '注册资本': 29, '朝代': 30, '专业代码': 31, '海拔': 32, '制片人': 33, '气候': 34, '编剧': 35, '修业年限': 36, '作词': 37, '董事长': 38, '妻子': 39, '丈夫': 40, '获奖': 41, '主演': 42, '号': 43, '总部地点': 44, '改编自': 45, '上映时间': 46, '出品公司': 47, '配音': 48}
Some weights of the model checkpoint at ./model_hub/chinese-bert-wwm-ext/ were not used when initializing BertModel: ['cls.predictions.transform.dense.weight', 'cls.predictions.decoder.weight', 'cls.seq_relationship.weight', 'cls.seq_relationship.bias', 'cls.predictions.transform.LayerNorm.weight', 'cls.predictions.bias', 'cls.predictions.transform.LayerNorm.bias', 'cls.predictions.transform.dense.bias']
- This IS expected if you are initializing BertModel from the checkpoint of a model trained on another task or with another architecture (e.g. initializing a BertForSequenceClassification model from a BertForPreTraining model).
- This IS NOT expected if you are initializing BertModel from the checkpoint of a model that you expect to be exactly identical (initializing a BertForSequenceClassification model from a BertForSequenceClassification model).
/root/miniconda3/lib/python3.8/site-packages/transformers/optimization.py:391: FutureWarning: This implementation of AdamW is deprecated and will be removed in a future version. Use the PyTorch implementation torch.optim.AdamW instead, or set `no_deprecation_warning=True` to disable this warning
  warnings.warn(
【train】1/5 1/66465 loss:4.009495735168457
【train】1/5 2/66465 loss:3.822232961654663
【train】1/5 3/66465 loss:3.996450185775757
【train】1/5 4/66465 loss:4.148031711578369
【train】1/5 5/66465 loss:4.222782611846924
【train】1/5 6/66465 loss:4.142190456390381
【train】1/5 7/66465 loss:4.15378999710083
【train】1/5 8/66465 loss:4.004775524139404
【train】1/5 9/66465 loss:3.988677740097046
【train】1/5 10/66465 loss:4.127278804779053
【train】1/5 11/66465 loss:4.02689790725708
【train】1/5 12/66465 loss:3.9888203144073486
【train】1/5 13/66465 loss:3.972803831100464
【train】1/5 14/66465 loss:4.0626301765441895
【train】1/5 15/66465 loss:3.9453322887420654
【train】1/5 16/66465 loss:4.0305399894714355
【train】1/5 17/66465 loss:3.909952163696289
【train】1/5 18/66465 loss:4.0188727378845215
【train】1/5 19/66465 loss:3.8920106887817383
【train】1/5 20/66465 loss:3.8747408390045166
【train】1/5 21/66465 loss:3.8933255672454834
【train】1/5 22/66465 loss:3.928057909011841
【train】1/5 23/66465 loss:3.897123336791992
【train】1/5 24/66465 loss:3.9946718215942383
【train】1/5 25/66465 loss:3.813150644302368
【train】1/5 26/66465 loss:4.0041890144348145
【train】1/5 27/66465 loss:3.954336404800415
【train】1/5 28/66465 loss:3.785181999206543
【train】1/5 29/66465 loss:3.9738500118255615
【train】1/5 30/66465 loss:3.6569976806640625
【train】1/5 31/66465 loss:3.7683141231536865
【train】1/5 32/66465 loss:4.019707202911377
【train】1/5 33/66465 loss:3.7849788665771484
【train】1/5 34/66465 loss:3.9795825481414795
【train】1/5 35/66465 loss:3.8598194122314453
【train】1/5 36/66465 loss:3.964305877685547
【train】1/5 37/66465 loss:3.819185972213745
【train】1/5 38/66465 loss:3.965162992477417
【train】1/5 39/66465 loss:3.529207944869995
【train】1/5 40/66465 loss:3.791841506958008
【train】1/5 41/66465 loss:3.917638063430786
【train】1/5 42/66465 loss:3.8023014068603516
【train】1/5 43/66465 loss:3.9108340740203857
【train】1/5 44/66465 loss:3.9454891681671143
【train】1/5 45/66465 loss:3.599670171737671
【train】1/5 46/66465 loss:3.4661190509796143
【train】1/5 47/66465 loss:3.756943941116333
【train】1/5 48/66465 loss:3.8540751934051514
【train】1/5 49/66465 loss:3.851790189743042
【train】1/5 50/66465 loss:3.846487283706665
【train】1/5 51/66465 loss:3.58764910697937
【train】1/5 52/66465 loss:3.650186538696289
【train】1/5 53/66465 loss:3.611149549484253
【train】1/5 54/66465 loss:3.8502607345581055
【train】1/5 55/66465 loss:3.9293298721313477
【train】1/5 56/66465 loss:3.7606723308563232
【train】1/5 57/66465 loss:3.605337142944336
【train】1/5 58/66465 loss:4.011790752410889
【train】1/5 59/66465 loss:3.521314859390259
【train】1/5 60/66465 loss:3.577059507369995
【train】1/5 61/66465 loss:3.54550838470459
【train】1/5 62/66465 loss:3.5453083515167236
【train】1/5 63/66465 loss:3.4781510829925537
【train】1/5 64/66465 loss:3.591398000717163
【train】1/5 65/66465 loss:3.6586267948150635
【train】1/5 66/66465 loss:3.552501678466797
【train】1/5 67/66465 loss:3.6902687549591064
【train】1/5 68/66465 loss:3.614055871963501
【train】1/5 69/66465 loss:3.6920242309570312
【train】1/5 70/66465 loss:3.534621238708496
【train】1/5 71/66465 loss:3.6507434844970703
【train】1/5 72/66465 loss:3.396094560623169
【train】1/5 73/66465 loss:3.5912182331085205
【train】1/5 74/66465 loss:3.328773260116577
【train】1/5 75/66465 loss:3.786860704421997
【train】1/5 76/66465 loss:3.7955219745635986
【train】1/5 77/66465 loss:3.491090774536133
【train】1/5 78/66465 loss:3.7945854663848877
【train】1/5 79/66465 loss:3.5623559951782227
【train】1/5 80/66465 loss:3.5956451892852783
【train】1/5 81/66465 loss:3.490201950073242
【train】1/5 82/66465 loss:3.4542980194091797
【train】1/5 83/66465 loss:3.6739461421966553
【train】1/5 84/66465 loss:3.7269935607910156
【train】1/5 85/66465 loss:3.328404664993286
【train】1/5 86/66465 loss:3.4370381832122803
【train】1/5 87/66465 loss:3.495371103286743
【train】1/5 88/66465 loss:3.648075819015503
【train】1/5 89/66465 loss:3.516080141067505
【train】1/5 90/66465 loss:4.05856466293335
【train】1/5 91/66465 loss:3.1683733463287354
【train】1/5 92/66465 loss:3.469011068344116
【train】1/5 93/66465 loss:3.712400436401367
【train】1/5 94/66465 loss:3.477922201156616
【train】1/5 95/66465 loss:3.4275190830230713
【train】1/5 96/66465 loss:3.6154682636260986
【train】1/5 97/66465 loss:3.385024070739746
【train】1/5 98/66465 loss:3.3805649280548096
【train】1/5 99/66465 loss:3.4192612171173096
【train】1/5 100/66465 loss:3.3807499408721924
【train】1/5 101/66465 loss:3.583092451095581
【train】1/5 102/66465 loss:3.5390679836273193
【train】1/5 103/66465 loss:3.2932112216949463
【train】1/5 104/66465 loss:3.5505635738372803
【train】1/5 105/66465 loss:3.411439895629883
【train】1/5 106/66465 loss:3.7544453144073486
【train】1/5 107/66465 loss:3.5702474117279053
【train】1/5 108/66465 loss:3.644561767578125
【train】1/5 109/66465 loss:3.7493197917938232
【train】1/5 110/66465 loss:3.163461685180664
【train】1/5 111/66465 loss:3.3417294025421143
【train】1/5 112/66465 loss:3.6646289825439453
【train】1/5 113/66465 loss:3.468722105026245
【train】1/5 114/66465 loss:3.556532621383667
【train】1/5 115/66465 loss:3.5173966884613037
【train】1/5 116/66465 loss:3.5419294834136963
【train】1/5 117/66465 loss:3.4828426837921143
【train】1/5 118/66465 loss:3.6103742122650146
【train】1/5 119/66465 loss:3.3873977661132812
【train】1/5 120/66465 loss:3.2096567153930664
【train】1/5 121/66465 loss:3.34989857673645
【train】1/5 122/66465 loss:3.3926708698272705
【train】1/5 123/66465 loss:3.4577503204345703
【train】1/5 124/66465 loss:3.327547073364258
【train】1/5 125/66465 loss:3.3057749271392822
【train】1/5 126/66465 loss:3.310703992843628
【train】1/5 127/66465 loss:3.356557846069336
【train】1/5 128/66465 loss:3.564483404159546
【train】1/5 129/66465 loss:3.474977493286133
【train】1/5 130/66465 loss:3.4704787731170654
【train】1/5 131/66465 loss:3.409458875656128
【train】1/5 132/66465 loss:3.1803371906280518
【train】1/5 133/66465 loss:3.3124353885650635
【train】1/5 134/66465 loss:3.1726913452148438
【train】1/5 135/66465 loss:3.121507406234741
【train】1/5 136/66465 loss:3.2693674564361572
【train】1/5 137/66465 loss:3.365778923034668
【train】1/5 138/66465 loss:3.2426528930664062
【train】1/5 139/66465 loss:3.4116299152374268
【train】1/5 140/66465 loss:3.2646541595458984
【train】1/5 141/66465 loss:3.416208505630493
【train】1/5 142/66465 loss:3.195855140686035
【train】1/5 143/66465 loss:3.201075553894043
【train】1/5 144/66465 loss:3.3201847076416016
【train】1/5 145/66465 loss:3.242201089859009
【train】1/5 146/66465 loss:3.335554361343384
【train】1/5 147/66465 loss:3.021108865737915
【train】1/5 148/66465 loss:3.294020652770996
【train】1/5 149/66465 loss:3.0231332778930664
【train】1/5 150/66465 loss:3.1336257457733154
【train】1/5 151/66465 loss:3.2201344966888428
【train】1/5 152/66465 loss:3.1683664321899414
【train】1/5 153/66465 loss:3.125246047973633
【train】1/5 154/66465 loss:3.0850648880004883
【train】1/5 155/66465 loss:3.219175338745117
【train】1/5 156/66465 loss:3.2106847763061523
【train】1/5 157/66465 loss:3.300555467605591
【train】1/5 158/66465 loss:3.159214973449707
【train】1/5 159/66465 loss:3.1771299839019775
【train】1/5 160/66465 loss:3.2411632537841797
【train】1/5 161/66465 loss:3.279632568359375
【train】1/5 162/66465 loss:3.134901762008667
【train】1/5 163/66465 loss:3.0044057369232178
【train】1/5 164/66465 loss:3.297043561935425
【train】1/5 165/66465 loss:2.988604784011841
【train】1/5 166/66465 loss:3.407747983932495
【train】1/5 167/66465 loss:3.145038604736328
【train】1/5 168/66465 loss:2.926068067550659
【train】1/5 169/66465 loss:3.12772274017334
【train】1/5 170/66465 loss:3.331968307495117
【train】1/5 171/66465 loss:2.84424090385437
【train】1/5 172/66465 loss:3.4184226989746094
【train】1/5 173/66465 loss:2.9219322204589844
【train】1/5 174/66465 loss:2.818817138671875
【train】1/5 175/66465 loss:2.99558162689209
【train】1/5 176/66465 loss:3.049239158630371
【train】1/5 177/66465 loss:3.061565399169922
【train】1/5 178/66465 loss:3.5574686527252197
【train】1/5 179/66465 loss:3.0558865070343018
【train】1/5 180/66465 loss:3.2970259189605713
【train】1/5 181/66465 loss:3.0224504470825195
【train】1/5 182/66465 loss:2.750945806503296
【train】1/5 183/66465 loss:2.8319480419158936
【train】1/5 184/66465 loss:3.0069961547851562
【train】1/5 185/66465 loss:2.7661876678466797
【train】1/5 186/66465 loss:3.2447288036346436
【train】1/5 187/66465 loss:3.0717649459838867
【train】1/5 188/66465 loss:2.5606343746185303
【train】1/5 189/66465 loss:2.532953977584839
【train】1/5 190/66465 loss:3.0153512954711914
【train】1/5 191/66465 loss:2.772991895675659
【train】1/5 192/66465 loss:2.699583053588867
【train】1/5 193/66465 loss:2.9725215435028076
【train】1/5 194/66465 loss:2.718531847000122
【train】1/5 195/66465 loss:2.5918729305267334
【train】1/5 196/66465 loss:2.804776430130005
【train】1/5 197/66465 loss:2.8262388706207275
【train】1/5 198/66465 loss:3.1828877925872803
【train】1/5 199/66465 loss:2.786181688308716
【train】1/5 200/66465 loss:2.707125425338745
【train】1/5 201/66465 loss:2.871950149536133
【train】1/5 202/66465 loss:2.672518730163574
【train】1/5 203/66465 loss:2.6959969997406006
【train】1/5 204/66465 loss:2.7026236057281494
【train】1/5 205/66465 loss:2.9044246673583984
【train】1/5 206/66465 loss:2.6214025020599365
【train】1/5 207/66465 loss:3.142150640487671
【train】1/5 208/66465 loss:2.9030344486236572
【train】1/5 209/66465 loss:2.557565212249756
【train】1/5 210/66465 loss:2.977597236633301
【train】1/5 211/66465 loss:3.0091540813446045
【train】1/5 212/66465 loss:2.9428813457489014
【train】1/5 213/66465 loss:2.94195294380188
【train】1/5 214/66465 loss:2.7306411266326904
【train】1/5 215/66465 loss:2.771923303604126
【train】1/5 216/66465 loss:2.5687801837921143
【train】1/5 217/66465 loss:3.1441142559051514
【train】1/5 218/66465 loss:2.9606988430023193
【train】1/5 219/66465 loss:2.4496562480926514
【train】1/5 220/66465 loss:2.738053321838379
【train】1/5 221/66465 loss:2.545591354370117
【train】1/5 222/66465 loss:2.8312511444091797
【train】1/5 223/66465 loss:2.708153486251831
【train】1/5 224/66465 loss:2.967242479324341
【train】1/5 225/66465 loss:2.5555083751678467
【train】1/5 226/66465 loss:2.587690591812134
【train】1/5 227/66465 loss:2.6025760173797607
【train】1/5 228/66465 loss:2.7220144271850586
【train】1/5 229/66465 loss:2.4441421031951904
【train】1/5 230/66465 loss:2.7647974491119385
【train】1/5 231/66465 loss:2.758909225463867
【train】1/5 232/66465 loss:2.477341890335083
【train】1/5 233/66465 loss:2.9971141815185547
【train】1/5 234/66465 loss:2.6148412227630615
【train】1/5 235/66465 loss:2.330687999725342
【train】1/5 236/66465 loss:2.223785638809204
【train】1/5 237/66465 loss:2.0732128620147705
【train】1/5 238/66465 loss:2.3849143981933594
【train】1/5 239/66465 loss:2.6697282791137695
【train】1/5 240/66465 loss:2.412388324737549
【train】1/5 241/66465 loss:2.8070485591888428
【train】1/5 242/66465 loss:2.636592149734497
【train】1/5 243/66465 loss:2.5503990650177
【train】1/5 244/66465 loss:2.452315330505371
【train】1/5 245/66465 loss:2.2836883068084717
【train】1/5 246/66465 loss:1.9973310232162476
【train】1/5 247/66465 loss:2.4364097118377686
【train】1/5 248/66465 loss:2.5515003204345703
【train】1/5 249/66465 loss:2.07002854347229
【train】1/5 250/66465 loss:1.954118251800537
【train】1/5 251/66465 loss:2.1722497940063477
【train】1/5 252/66465 loss:2.559900999069214
【train】1/5 253/66465 loss:2.711507797241211
【train】1/5 254/66465 loss:2.4280905723571777
【train】1/5 255/66465 loss:2.4843556880950928
【train】1/5 256/66465 loss:2.3208138942718506
【train】1/5 257/66465 loss:2.684842348098755
【train】1/5 258/66465 loss:2.30242657661438
【train】1/5 259/66465 loss:2.4134933948516846
【train】1/5 260/66465 loss:2.871363401412964
【train】1/5 261/66465 loss:2.1260147094726562
【train】1/5 262/66465 loss:2.014878511428833
【train】1/5 263/66465 loss:2.1881330013275146
【train】1/5 264/66465 loss:2.0008294582366943
【train】1/5 265/66465 loss:2.6430106163024902
【train】1/5 266/66465 loss:1.9146203994750977
【train】1/5 267/66465 loss:2.29325795173645
【train】1/5 268/66465 loss:2.464431047439575
【train】1/5 269/66465 loss:2.2689366340637207
【train】1/5 270/66465 loss:2.0534403324127197
【train】1/5 271/66465 loss:2.316615343093872
【train】1/5 272/66465 loss:2.3603620529174805
【train】1/5 273/66465 loss:2.0424513816833496
【train】1/5 274/66465 loss:2.1233842372894287
【train】1/5 275/66465 loss:2.513549327850342
【train】1/5 276/66465 loss:2.6158180236816406
【train】1/5 277/66465 loss:2.2879574298858643
【train】1/5 278/66465 loss:2.4244558811187744
【train】1/5 279/66465 loss:2.316519260406494
【train】1/5 280/66465 loss:2.6415765285491943
【train】1/5 281/66465 loss:2.2257730960845947
【train】1/5 282/66465 loss:2.4323384761810303
【train】1/5 283/66465 loss:2.265638589859009
【train】1/5 284/66465 loss:2.0834133625030518
【train】1/5 285/66465 loss:2.4368340969085693
【train】1/5 286/66465 loss:2.209851026535034
【train】1/5 287/66465 loss:2.467839241027832
【train】1/5 288/66465 loss:2.468761682510376
【train】1/5 289/66465 loss:2.374528169631958
【train】1/5 290/66465 loss:2.1201577186584473
【train】1/5 291/66465 loss:2.12390398979187
【train】1/5 292/66465 loss:2.2779173851013184
【train】1/5 293/66465 loss:2.1912472248077393
【train】1/5 294/66465 loss:2.0553789138793945
【train】1/5 295/66465 loss:2.3003194332122803
【train】1/5 296/66465 loss:2.25184965133667
【train】1/5 297/66465 loss:2.2515475749969482
【train】1/5 298/66465 loss:2.031916856765747
【train】1/5 299/66465 loss:2.2319223880767822
【train】1/5 300/66465 loss:1.9738110303878784
【train】1/5 301/66465 loss:2.0965309143066406
【train】1/5 302/66465 loss:1.7652640342712402
【train】1/5 303/66465 loss:2.114809989929199
【train】1/5 304/66465 loss:2.191844940185547
【train】1/5 305/66465 loss:1.9652104377746582
【train】1/5 306/66465 loss:2.167386770248413
【train】1/5 307/66465 loss:1.893454670906067
【train】1/5 308/66465 loss:2.333646059036255
【train】1/5 309/66465 loss:1.7604084014892578
【train】1/5 310/66465 loss:2.3776562213897705
【train】1/5 311/66465 loss:2.0061917304992676
【train】1/5 312/66465 loss:2.1949238777160645
【train】1/5 313/66465 loss:1.9692596197128296
【train】1/5 314/66465 loss:2.109936237335205
【train】1/5 315/66465 loss:2.1370489597320557
【train】1/5 316/66465 loss:1.9300154447555542
【train】1/5 317/66465 loss:2.164700508117676
【train】1/5 318/66465 loss:1.78950035572052
【train】1/5 319/66465 loss:1.540289282798767
【train】1/5 320/66465 loss:2.0083863735198975
【train】1/5 321/66465 loss:2.2096121311187744
【train】1/5 322/66465 loss:1.932991862297058
【train】1/5 323/66465 loss:2.057837724685669
【train】1/5 324/66465 loss:1.7624826431274414
【train】1/5 325/66465 loss:1.8868809938430786
【train】1/5 326/66465 loss:1.878121256828308
【train】1/5 327/66465 loss:2.3311054706573486
【train】1/5 328/66465 loss:2.0597622394561768
【train】1/5 329/66465 loss:2.4745442867279053
【train】1/5 330/66465 loss:1.5261660814285278
【train】1/5 331/66465 loss:1.9394651651382446
【train】1/5 332/66465 loss:1.8300490379333496
【train】1/5 333/66465 loss:2.066129446029663
【train】1/5 334/66465 loss:1.922559142112732
【train】1/5 335/66465 loss:2.06207537651062
【train】1/5 336/66465 loss:2.012575387954712
【train】1/5 337/66465 loss:2.052644968032837
【train】1/5 338/66465 loss:2.095825672149658
【train】1/5 339/66465 loss:1.4321961402893066
【train】1/5 340/66465 loss:1.7802952527999878
【train】1/5 341/66465 loss:1.6535820960998535
【train】1/5 342/66465 loss:1.9274295568466187
【train】1/5 343/66465 loss:1.8275431394577026
【train】1/5 344/66465 loss:1.9249773025512695
【train】1/5 345/66465 loss:1.7590678930282593
【train】1/5 346/66465 loss:1.7464141845703125
【train】1/5 347/66465 loss:1.6545019149780273
【train】1/5 348/66465 loss:1.6183825731277466
【train】1/5 349/66465 loss:1.7338905334472656
【train】1/5 350/66465 loss:1.7886091470718384
【train】1/5 351/66465 loss:1.9006205797195435
【train】1/5 352/66465 loss:1.8273578882217407
【train】1/5 353/66465 loss:1.6432126760482788
【train】1/5 354/66465 loss:2.1858184337615967
【train】1/5 355/66465 loss:2.2419517040252686
【train】1/5 356/66465 loss:2.112515926361084
【train】1/5 357/66465 loss:1.8044300079345703
【train】1/5 358/66465 loss:1.5767388343811035
【train】1/5 359/66465 loss:1.4090365171432495
【train】1/5 360/66465 loss:1.2659600973129272
【train】1/5 361/66465 loss:1.912742257118225
【train】1/5 362/66465 loss:1.803369402885437
【train】1/5 363/66465 loss:2.012960910797119
【train】1/5 364/66465 loss:1.4830297231674194
【train】1/5 365/66465 loss:1.7635283470153809
【train】1/5 366/66465 loss:1.4880375862121582
【train】1/5 367/66465 loss:1.912021279335022
【train】1/5 368/66465 loss:1.7535735368728638
【train】1/5 369/66465 loss:1.6398539543151855
【train】1/5 370/66465 loss:1.7732867002487183
【train】1/5 371/66465 loss:1.7424157857894897
【train】1/5 372/66465 loss:1.7078323364257812
【train】1/5 373/66465 loss:1.3323231935501099
【train】1/5 374/66465 loss:1.4174143075942993
【train】1/5 375/66465 loss:1.581957221031189
【train】1/5 376/66465 loss:1.6921467781066895
【train】1/5 377/66465 loss:1.472921371459961
【train】1/5 378/66465 loss:1.8120323419570923
【train】1/5 379/66465 loss:1.8846898078918457
【train】1/5 380/66465 loss:2.05798602104187
【train】1/5 381/66465 loss:1.4655543565750122
【train】1/5 382/66465 loss:1.537692904472351
【train】1/5 383/66465 loss:1.9265965223312378
【train】1/5 384/66465 loss:1.4489587545394897
【train】1/5 385/66465 loss:1.775567650794983
【train】1/5 386/66465 loss:1.8610824346542358
【train】1/5 387/66465 loss:1.6175880432128906
【train】1/5 388/66465 loss:1.9300187826156616
【train】1/5 389/66465 loss:1.4577765464782715
【train】1/5 390/66465 loss:1.4815078973770142
【train】1/5 391/66465 loss:1.5005007982254028
【train】1/5 392/66465 loss:1.8250232934951782
【train】1/5 393/66465 loss:1.502954125404358
【train】1/5 394/66465 loss:1.8946417570114136
【train】1/5 395/66465 loss:1.6182966232299805
【train】1/5 396/66465 loss:1.7501102685928345
【train】1/5 397/66465 loss:1.5731350183486938
【train】1/5 398/66465 loss:1.6530351638793945
【train】1/5 399/66465 loss:1.5502084493637085
【train】1/5 400/66465 loss:1.7122501134872437
【train】1/5 401/66465 loss:1.552153468132019
【train】1/5 402/66465 loss:1.8825640678405762
【train】1/5 403/66465 loss:2.0809402465820312
【train】1/5 404/66465 loss:1.5015627145767212
【train】1/5 405/66465 loss:1.9053622484207153
【train】1/5 406/66465 loss:1.5685399770736694
【train】1/5 407/66465 loss:1.9359074831008911
【train】1/5 408/66465 loss:1.5209689140319824
【train】1/5 409/66465 loss:1.1931917667388916
【train】1/5 410/66465 loss:1.6902092695236206
【train】1/5 411/66465 loss:1.1460295915603638
【train】1/5 412/66465 loss:1.1894797086715698
【train】1/5 413/66465 loss:1.7157440185546875
【train】1/5 414/66465 loss:1.5970016717910767
【train】1/5 415/66465 loss:1.3644071817398071
【train】1/5 416/66465 loss:1.5247653722763062
【train】1/5 417/66465 loss:1.412267804145813
【train】1/5 418/66465 loss:1.4177206754684448
【train】1/5 419/66465 loss:1.5838254690170288
【train】1/5 420/66465 loss:1.3441680669784546
【train】1/5 421/66465 loss:1.4430195093154907
【train】1/5 422/66465 loss:1.359354019165039
【train】1/5 423/66465 loss:1.4890155792236328
【train】1/5 424/66465 loss:1.3137372732162476
【train】1/5 425/66465 loss:1.644995093345642
【train】1/5 426/66465 loss:1.1481813192367554
【train】1/5 427/66465 loss:1.2702373266220093
【train】1/5 428/66465 loss:1.4019118547439575
【train】1/5 429/66465 loss:1.0063592195510864
【train】1/5 430/66465 loss:1.3293839693069458
【train】1/5 431/66465 loss:1.4092721939086914
【train】1/5 432/66465 loss:1.7881441116333008
【train】1/5 433/66465 loss:1.0769063234329224
【train】1/5 434/66465 loss:1.2097673416137695
【train】1/5 435/66465 loss:1.416440486907959
【train】1/5 436/66465 loss:1.4295209646224976
【train】1/5 437/66465 loss:1.6121019124984741
【train】1/5 438/66465 loss:1.0754212141036987
【train】1/5 439/66465 loss:1.4713964462280273
【train】1/5 440/66465 loss:1.5586081743240356
【train】1/5 441/66465 loss:1.005376935005188
【train】1/5 442/66465 loss:1.2792218923568726
【train】1/5 443/66465 loss:0.9451186656951904
【train】1/5 444/66465 loss:1.540324091911316
【train】1/5 445/66465 loss:1.1263586282730103
【train】1/5 446/66465 loss:0.7993243336677551
【train】1/5 447/66465 loss:1.3092982769012451
【train】1/5 448/66465 loss:1.4448004961013794
【train】1/5 449/66465 loss:0.8906401991844177
【train】1/5 450/66465 loss:1.6705814599990845
【train】1/5 451/66465 loss:1.2033358812332153
【train】1/5 452/66465 loss:1.6076750755310059
【train】1/5 453/66465 loss:1.300875186920166
【train】1/5 454/66465 loss:1.1930335760116577
【train】1/5 455/66465 loss:1.3111552000045776
【train】1/5 456/66465 loss:1.303082823753357
【train】1/5 457/66465 loss:1.608991265296936
【train】1/5 458/66465 loss:1.8166474103927612
【train】1/5 459/66465 loss:1.252642035484314
【train】1/5 460/66465 loss:1.446999430656433
【train】1/5 461/66465 loss:1.2299028635025024
【train】1/5 462/66465 loss:1.9345585107803345
【train】1/5 463/66465 loss:1.1024316549301147
【train】1/5 464/66465 loss:1.0008329153060913
【train】1/5 465/66465 loss:1.2612134218215942
【train】1/5 466/66465 loss:1.1460212469100952
【train】1/5 467/66465 loss:1.0523937940597534
【train】1/5 468/66465 loss:0.8570767045021057
【train】1/5 469/66465 loss:1.1751025915145874
【train】1/5 470/66465 loss:1.3349541425704956
【train】1/5 471/66465 loss:0.9972514510154724
【train】1/5 472/66465 loss:1.6339880228042603
【train】1/5 473/66465 loss:1.319257378578186
【train】1/5 474/66465 loss:1.270114779472351
【train】1/5 475/66465 loss:0.895266056060791
【train】1/5 476/66465 loss:1.5731359720230103
【train】1/5 477/66465 loss:1.1161203384399414
【train】1/5 478/66465 loss:1.281182885169983
【train】1/5 479/66465 loss:1.3845402002334595
【train】1/5 480/66465 loss:1.2598751783370972
【train】1/5 481/66465 loss:1.0159249305725098
【train】1/5 482/66465 loss:1.1448675394058228
【train】1/5 483/66465 loss:1.5933932065963745
【train】1/5 484/66465 loss:1.3607831001281738
【train】1/5 485/66465 loss:1.110580325126648
【train】1/5 486/66465 loss:1.4702523946762085
【train】1/5 487/66465 loss:0.8537513613700867
【train】1/5 488/66465 loss:1.001125693321228
【train】1/5 489/66465 loss:1.0098940134048462
【train】1/5 490/66465 loss:1.6558127403259277
【train】1/5 491/66465 loss:1.2089191675186157
【train】1/5 492/66465 loss:1.1271939277648926
【train】1/5 493/66465 loss:1.1854759454727173
【train】1/5 494/66465 loss:0.9654078483581543
【train】1/5 495/66465 loss:1.0985485315322876
【train】1/5 496/66465 loss:1.0453448295593262
【train】1/5 497/66465 loss:1.2508541345596313
【train】1/5 498/66465 loss:1.1558208465576172
【train】1/5 499/66465 loss:1.102603554725647
【train】1/5 500/66465 loss:1.331710696220398
【train】1/5 501/66465 loss:1.1580145359039307
【train】1/5 502/66465 loss:1.4667364358901978
【train】1/5 503/66465 loss:1.145363450050354
【train】1/5 504/66465 loss:1.2833524942398071
【train】1/5 505/66465 loss:1.1160839796066284
【train】1/5 506/66465 loss:1.4637349843978882
【train】1/5 507/66465 loss:0.8943719863891602
【train】1/5 508/66465 loss:1.0309966802597046
【train】1/5 509/66465 loss:1.012178659439087
【train】1/5 510/66465 loss:0.840808093547821
【train】1/5 511/66465 loss:0.8599773049354553
【train】1/5 512/66465 loss:1.4316486120224
【train】1/5 513/66465 loss:0.9778689742088318
【train】1/5 514/66465 loss:1.1861590147018433
【train】1/5 515/66465 loss:0.9274081587791443
【train】1/5 516/66465 loss:0.8961355686187744
【train】1/5 517/66465 loss:0.9574831128120422
【train】1/5 518/66465 loss:1.1407071352005005
【train】1/5 519/66465 loss:0.9862268567085266
【train】1/5 520/66465 loss:1.3866242170333862
【train】1/5 521/66465 loss:1.0594288110733032
【train】1/5 522/66465 loss:0.8692102432250977
【train】1/5 523/66465 loss:1.0931872129440308
【train】1/5 524/66465 loss:0.8960791230201721
【train】1/5 525/66465 loss:1.3543826341629028
【train】1/5 526/66465 loss:0.9414045810699463
【train】1/5 527/66465 loss:1.299209713935852
【train】1/5 528/66465 loss:0.9851395487785339
【train】1/5 529/66465 loss:0.543161928653717
【train】1/5 530/66465 loss:1.3852568864822388
【train】1/5 531/66465 loss:1.038780927658081
【train】1/5 532/66465 loss:1.0969561338424683
【train】1/5 533/66465 loss:1.151206374168396
【train】1/5 534/66465 loss:0.6391609311103821
【train】1/5 535/66465 loss:0.7759042382240295
【train】1/5 536/66465 loss:1.0497971773147583
【train】1/5 537/66465 loss:0.9117843508720398
【train】1/5 538/66465 loss:1.1145604848861694
【train】1/5 539/66465 loss:1.832788348197937
【train】1/5 540/66465 loss:0.8878431916236877
【train】1/5 541/66465 loss:1.1718647480010986
【train】1/5 542/66465 loss:0.9467072486877441
【train】1/5 543/66465 loss:1.1125653982162476
【train】1/5 544/66465 loss:1.0577737092971802
【train】1/5 545/66465 loss:0.941659152507782
【train】1/5 546/66465 loss:1.0962495803833008
【train】1/5 547/66465 loss:1.079471468925476
【train】1/5 548/66465 loss:0.8795444965362549
【train】1/5 549/66465 loss:0.9961169362068176
【train】1/5 550/66465 loss:0.9209110736846924
【train】1/5 551/66465 loss:0.6890485286712646
【train】1/5 552/66465 loss:1.289389967918396
【train】1/5 553/66465 loss:0.818767249584198
【train】1/5 554/66465 loss:0.7837523818016052
【train】1/5 555/66465 loss:0.7898524403572083
【train】1/5 556/66465 loss:0.5516217350959778
【train】1/5 557/66465 loss:0.7769131064414978
【train】1/5 558/66465 loss:1.0112513303756714
【train】1/5 559/66465 loss:0.9836404323577881
【train】1/5 560/66465 loss:0.9323068261146545
【train】1/5 561/66465 loss:0.8213440775871277
【train】1/5 562/66465 loss:1.118137240409851
【train】1/5 563/66465 loss:0.6222017407417297
【train】1/5 564/66465 loss:0.6243839859962463
【train】1/5 565/66465 loss:1.1762036085128784
【train】1/5 566/66465 loss:0.702854335308075
【train】1/5 567/66465 loss:0.9823790192604065
【train】1/5 568/66465 loss:0.7835342288017273
【train】1/5 569/66465 loss:0.8972402215003967
【train】1/5 570/66465 loss:0.6497182250022888
【train】1/5 571/66465 loss:1.1042603254318237
【train】1/5 572/66465 loss:0.8209326267242432
【train】1/5 573/66465 loss:0.8335540890693665
【train】1/5 574/66465 loss:0.6656700372695923
【train】1/5 575/66465 loss:1.1163402795791626
【train】1/5 576/66465 loss:0.9142789244651794
【train】1/5 577/66465 loss:0.9220656752586365
【train】1/5 578/66465 loss:1.2411789894104004
【train】1/5 579/66465 loss:1.17249596118927
【train】1/5 580/66465 loss:0.7945926785469055
【train】1/5 581/66465 loss:0.9284064173698425
【train】1/5 582/66465 loss:0.711477518081665
【train】1/5 583/66465 loss:0.8373381495475769
【train】1/5 584/66465 loss:1.2622337341308594
【train】1/5 585/66465 loss:0.7165549397468567
【train】1/5 586/66465 loss:1.3167282342910767
【train】1/5 587/66465 loss:0.845220148563385
【train】1/5 588/66465 loss:1.0471868515014648
【train】1/5 589/66465 loss:1.336380958557129
【train】1/5 590/66465 loss:0.8470945358276367
【train】1/5 591/66465 loss:0.5279163718223572
【train】1/5 592/66465 loss:1.0143929719924927
【train】1/5 593/66465 loss:0.8958995342254639
【train】1/5 594/66465 loss:0.6832806468009949
【train】1/5 595/66465 loss:1.26663076877594
【train】1/5 596/66465 loss:0.5371488332748413
【train】1/5 597/66465 loss:1.0221519470214844
【train】1/5 598/66465 loss:0.3892771899700165
【train】1/5 599/66465 loss:0.9094089865684509
【train】1/5 600/66465 loss:1.0911964178085327
【train】1/5 601/66465 loss:0.773496687412262
【train】1/5 602/66465 loss:1.2758029699325562
【train】1/5 603/66465 loss:0.9210001826286316
【train】1/5 604/66465 loss:1.225582480430603
【train】1/5 605/66465 loss:0.7832464575767517
【train】1/5 606/66465 loss:1.1302279233932495
【train】1/5 607/66465 loss:0.7436764240264893
【train】1/5 608/66465 loss:1.1804742813110352
【train】1/5 609/66465 loss:0.8926184773445129
【train】1/5 610/66465 loss:0.7001616954803467
【train】1/5 611/66465 loss:1.0859743356704712
【train】1/5 612/66465 loss:1.1886414289474487
【train】1/5 613/66465 loss:1.0689553022384644
【train】1/5 614/66465 loss:0.7363011240959167
【train】1/5 615/66465 loss:0.8379618525505066
【train】1/5 616/66465 loss:1.124982237815857
【train】1/5 617/66465 loss:1.1217442750930786
【train】1/5 618/66465 loss:0.9357495903968811
【train】1/5 619/66465 loss:1.1643085479736328
【train】1/5 620/66465 loss:1.0528231859207153
【train】1/5 621/66465 loss:0.7998637557029724
【train】1/5 622/66465 loss:1.0479512214660645
【train】1/5 623/66465 loss:0.9136338233947754
【train】1/5 624/66465 loss:0.7827381491661072
【train】1/5 625/66465 loss:0.7509744763374329
【train】1/5 626/66465 loss:1.0487502813339233
【train】1/5 627/66465 loss:0.9734341502189636
【train】1/5 628/66465 loss:0.8116891980171204
【train】1/5 629/66465 loss:1.254043698310852
【train】1/5 630/66465 loss:1.5234922170639038
【train】1/5 631/66465 loss:0.8764793872833252
【train】1/5 632/66465 loss:0.9703701138496399
【train】1/5 633/66465 loss:0.779864490032196
【train】1/5 634/66465 loss:1.042263150215149
【train】1/5 635/66465 loss:0.6920604109764099
【train】1/5 636/66465 loss:0.8392930626869202
【train】1/5 637/66465 loss:1.2068151235580444
【train】1/5 638/66465 loss:0.7803583741188049
【train】1/5 639/66465 loss:1.5768852233886719
【train】1/5 640/66465 loss:0.7895298600196838
【train】1/5 641/66465 loss:0.6839463114738464
【train】1/5 642/66465 loss:0.9603404998779297
【train】1/5 643/66465 loss:0.7292750477790833
【train】1/5 644/66465 loss:0.7888791561126709
【train】1/5 645/66465 loss:1.2092937231063843
【train】1/5 646/66465 loss:0.8325977325439453
【train】1/5 647/66465 loss:1.1029274463653564
【train】1/5 648/66465 loss:1.016070008277893
【train】1/5 649/66465 loss:0.5590912103652954
【train】1/5 650/66465 loss:0.8464253544807434
【train】1/5 651/66465 loss:0.7662108540534973
【train】1/5 652/66465 loss:0.7793149948120117
【train】1/5 653/66465 loss:1.1347415447235107
【train】1/5 654/66465 loss:0.9479949474334717
【train】1/5 655/66465 loss:0.4818088114261627
【train】1/5 656/66465 loss:0.7394669651985168
【train】1/5 657/66465 loss:0.7555691599845886
【train】1/5 658/66465 loss:1.0194733142852783
【train】1/5 659/66465 loss:0.666752815246582
【train】1/5 660/66465 loss:0.34831759333610535
【train】1/5 661/66465 loss:0.7147422432899475
【train】1/5 662/66465 loss:1.1454435586929321
【train】1/5 663/66465 loss:1.1268619298934937
【train】1/5 664/66465 loss:1.6065411567687988
【train】1/5 665/66465 loss:0.7277310490608215
【train】1/5 666/66465 loss:0.8007373213768005
【train】1/5 667/66465 loss:0.4726465046405792
【train】1/5 668/66465 loss:0.8168582916259766
【train】1/5 669/66465 loss:0.7163088321685791
【train】1/5 670/66465 loss:0.5159474015235901
【train】1/5 671/66465 loss:0.7864527702331543
【train】1/5 672/66465 loss:0.6292619109153748
【train】1/5 673/66465 loss:0.7748680114746094
【train】1/5 674/66465 loss:1.0357394218444824
【train】1/5 675/66465 loss:0.7110008597373962
【train】1/5 676/66465 loss:0.9249345660209656
【train】1/5 677/66465 loss:1.0200464725494385
【train】1/5 678/66465 loss:0.8936290740966797
【train】1/5 679/66465 loss:0.7468753457069397
【train】1/5 680/66465 loss:0.6239060163497925
【train】1/5 681/66465 loss:1.1303701400756836
【train】1/5 682/66465 loss:0.8474650979042053
【train】1/5 683/66465 loss:0.8445720672607422
【train】1/5 684/66465 loss:0.6979861855506897
【train】1/5 685/66465 loss:1.0913220643997192
【train】1/5 686/66465 loss:0.9657133221626282
【train】1/5 687/66465 loss:1.1587088108062744
【train】1/5 688/66465 loss:0.7030923962593079
【train】1/5 689/66465 loss:0.5802581906318665
【train】1/5 690/66465 loss:0.6849064826965332
【train】1/5 691/66465 loss:1.1406484842300415
【train】1/5 692/66465 loss:1.4266786575317383
【train】1/5 693/66465 loss:0.8286717534065247
【train】1/5 694/66465 loss:0.6137158274650574
【train】1/5 695/66465 loss:1.1787909269332886
【train】1/5 696/66465 loss:0.5157612562179565
【train】1/5 697/66465 loss:0.8648049235343933
【train】1/5 698/66465 loss:0.8375518321990967
【train】1/5 699/66465 loss:0.5258305072784424
【train】1/5 700/66465 loss:0.8854147791862488
【train】1/5 701/66465 loss:0.818109929561615
【train】1/5 702/66465 loss:0.753227710723877
【train】1/5 703/66465 loss:0.5235119462013245
【train】1/5 704/66465 loss:0.6475112438201904
【train】1/5 705/66465 loss:1.0073903799057007
【train】1/5 706/66465 loss:0.8351957201957703
【train】1/5 707/66465 loss:0.7712414264678955
【train】1/5 708/66465 loss:0.7848177552223206
【train】1/5 709/66465 loss:0.8595808148384094
【train】1/5 710/66465 loss:0.6608501076698303
【train】1/5 711/66465 loss:0.7170893549919128
【train】1/5 712/66465 loss:0.5809609293937683
【train】1/5 713/66465 loss:0.8403885364532471
【train】1/5 714/66465 loss:1.184855341911316
【train】1/5 715/66465 loss:0.6638709902763367
【train】1/5 716/66465 loss:1.1624207496643066
【train】1/5 717/66465 loss:0.8613149523735046
【train】1/5 718/66465 loss:0.895671546459198
【train】1/5 719/66465 loss:0.9823448657989502
【train】1/5 720/66465 loss:0.7393704056739807
【train】1/5 721/66465 loss:0.5558315515518188
【train】1/5 722/66465 loss:0.8254556655883789
【train】1/5 723/66465 loss:0.6488544940948486
【train】1/5 724/66465 loss:0.7755927443504333
【train】1/5 725/66465 loss:1.082837462425232
【train】1/5 726/66465 loss:0.926051676273346
【train】1/5 727/66465 loss:0.7832469940185547
【train】1/5 728/66465 loss:0.7343894839286804
【train】1/5 729/66465 loss:1.1059118509292603
【train】1/5 730/66465 loss:0.4705360233783722
【train】1/5 731/66465 loss:0.6013644933700562
【train】1/5 732/66465 loss:0.8875306248664856
【train】1/5 733/66465 loss:0.6244216561317444
【train】1/5 734/66465 loss:1.05852472782135
【train】1/5 735/66465 loss:0.6418638825416565
【train】1/5 736/66465 loss:1.088958740234375
【train】1/5 737/66465 loss:0.688673198223114
【train】1/5 738/66465 loss:1.1097195148468018
【train】1/5 739/66465 loss:0.6631078124046326
【train】1/5 740/66465 loss:0.753340482711792
【train】1/5 741/66465 loss:0.6597395539283752
【train】1/5 742/66465 loss:1.1572521924972534
【train】1/5 743/66465 loss:0.47612297534942627
【train】1/5 744/66465 loss:0.9021144509315491
【train】1/5 745/66465 loss:1.1150211095809937
【train】1/5 746/66465 loss:0.846527099609375
【train】1/5 747/66465 loss:0.7064337134361267
【train】1/5 748/66465 loss:0.5860057473182678
【train】1/5 749/66465 loss:0.6977052688598633
【train】1/5 750/66465 loss:0.6858096122741699
【train】1/5 751/66465 loss:0.8780748844146729
【train】1/5 752/66465 loss:0.8668501973152161
【train】1/5 753/66465 loss:0.5948953628540039
【train】1/5 754/66465 loss:0.36458563804626465
【train】1/5 755/66465 loss:0.463412880897522
【train】1/5 756/66465 loss:0.5157089829444885
【train】1/5 757/66465 loss:0.8997141718864441
【train】1/5 758/66465 loss:0.37266644835472107
【train】1/5 759/66465 loss:0.6524736285209656
【train】1/5 760/66465 loss:0.9671270251274109
【train】1/5 761/66465 loss:0.8132855296134949
【train】1/5 762/66465 loss:0.5784936547279358
【train】1/5 763/66465 loss:0.7611551284790039
【train】1/5 764/66465 loss:0.859947919845581
【train】1/5 765/66465 loss:0.5147214531898499
【train】1/5 766/66465 loss:0.608304500579834
【train】1/5 767/66465 loss:0.7454321980476379
【train】1/5 768/66465 loss:0.5436669588088989
【train】1/5 769/66465 loss:1.1826454401016235
【train】1/5 770/66465 loss:1.1380802392959595
【train】1/5 771/66465 loss:0.7186219692230225
【train】1/5 772/66465 loss:0.8153815269470215
【train】1/5 773/66465 loss:0.4815128743648529
【train】1/5 774/66465 loss:0.4620285928249359
【train】1/5 775/66465 loss:0.5461873412132263
【train】1/5 776/66465 loss:0.45310690999031067
【train】1/5 777/66465 loss:0.6103752255439758
【train】1/5 778/66465 loss:0.6968379020690918
【train】1/5 779/66465 loss:0.4446437656879425
【train】1/5 780/66465 loss:0.5579127669334412
【train】1/5 781/66465 loss:0.7020392417907715
【train】1/5 782/66465 loss:1.2158063650131226
【train】1/5 783/66465 loss:0.5206916928291321
【train】1/5 784/66465 loss:0.5293487906455994
【train】1/5 785/66465 loss:0.7101461291313171
【train】1/5 786/66465 loss:0.9123820662498474
【train】1/5 787/66465 loss:0.5471979975700378
【train】1/5 788/66465 loss:0.8266797065734863
【train】1/5 789/66465 loss:0.6578572392463684
【train】1/5 790/66465 loss:0.7617211937904358
【train】1/5 791/66465 loss:0.5875855684280396
【train】1/5 792/66465 loss:0.8458771109580994
【train】1/5 793/66465 loss:0.6758187413215637
【train】1/5 794/66465 loss:0.709554135799408
【train】1/5 795/66465 loss:0.40881359577178955
【train】1/5 796/66465 loss:0.4349867105484009
【train】1/5 797/66465 loss:0.7966317534446716
【train】1/5 798/66465 loss:1.0466922521591187
【train】1/5 799/66465 loss:0.7317755818367004
【train】1/5 800/66465 loss:1.0336719751358032
【train】1/5 801/66465 loss:0.7017466425895691
【train】1/5 802/66465 loss:0.7999878525733948
【train】1/5 803/66465 loss:0.5554254055023193
【train】1/5 804/66465 loss:0.7826206088066101
【train】1/5 805/66465 loss:0.5775635242462158
【train】1/5 806/66465 loss:0.2651004493236542
【train】1/5 807/66465 loss:0.33961889147758484
【train】1/5 808/66465 loss:1.0434027910232544
【train】1/5 809/66465 loss:0.47360655665397644
【train】1/5 810/66465 loss:0.7003094553947449
【train】1/5 811/66465 loss:0.4766906499862671
【train】1/5 812/66465 loss:0.8692572712898254
【train】1/5 813/66465 loss:1.0043452978134155
【train】1/5 814/66465 loss:0.29986995458602905
【train】1/5 815/66465 loss:0.4121428430080414
【train】1/5 816/66465 loss:1.0644360780715942
【train】1/5 817/66465 loss:0.5162345767021179
【train】1/5 818/66465 loss:0.5812457203865051
【train】1/5 819/66465 loss:0.9916266798973083
【train】1/5 820/66465 loss:0.32836654782295227
【train】1/5 821/66465 loss:0.8690553307533264
【train】1/5 822/66465 loss:0.8804395794868469
【train】1/5 823/66465 loss:0.8209326267242432
【train】1/5 824/66465 loss:0.7024824619293213
【train】1/5 825/66465 loss:0.33656978607177734
【train】1/5 826/66465 loss:0.6551663279533386
【train】1/5 827/66465 loss:0.7305774688720703
【train】1/5 828/66465 loss:0.66892409324646
【train】1/5 829/66465 loss:0.5846425890922546
【train】1/5 830/66465 loss:0.6409233212471008
【train】1/5 831/66465 loss:0.6311778426170349
【train】1/5 832/66465 loss:0.5807076096534729
【train】1/5 833/66465 loss:0.6867386698722839
【train】1/5 834/66465 loss:0.8712120056152344
【train】1/5 835/66465 loss:0.6727978587150574
【train】1/5 836/66465 loss:0.4267845153808594
【train】1/5 837/66465 loss:0.627501904964447
【train】1/5 838/66465 loss:0.6988458037376404
【train】1/5 839/66465 loss:0.7129104733467102
【train】1/5 840/66465 loss:0.8647785186767578
【train】1/5 841/66465 loss:0.7780039310455322
【train】1/5 842/66465 loss:0.5793325901031494
【train】1/5 843/66465 loss:0.7495744824409485
【train】1/5 844/66465 loss:0.44376683235168457
【train】1/5 845/66465 loss:0.7381675839424133
【train】1/5 846/66465 loss:0.6561785340309143
【train】1/5 847/66465 loss:0.5761426687240601
【train】1/5 848/66465 loss:0.4454555809497833
【train】1/5 849/66465 loss:0.45616984367370605
【train】1/5 850/66465 loss:0.8073895573616028
【train】1/5 851/66465 loss:0.30774927139282227
【train】1/5 852/66465 loss:0.8607010245323181
【train】1/5 853/66465 loss:0.7214374542236328
【train】1/5 854/66465 loss:0.5103533267974854
【train】1/5 855/66465 loss:0.9123700261116028
【train】1/5 856/66465 loss:0.40358880162239075
【train】1/5 857/66465 loss:0.1814878135919571
【train】1/5 858/66465 loss:0.6075474619865417
【train】1/5 859/66465 loss:0.7420804500579834
【train】1/5 860/66465 loss:0.5440472960472107
【train】1/5 861/66465 loss:0.9404101371765137
【train】1/5 862/66465 loss:0.8346754908561707
【train】1/5 863/66465 loss:0.9105648994445801
【train】1/5 864/66465 loss:0.8461087346076965
【train】1/5 865/66465 loss:0.6033807992935181
【train】1/5 866/66465 loss:0.510017454624176
【train】1/5 867/66465 loss:0.6327230334281921
【train】1/5 868/66465 loss:0.8364853858947754
【train】1/5 869/66465 loss:0.8477706909179688
【train】1/5 870/66465 loss:0.5103470087051392
【train】1/5 871/66465 loss:0.5562997460365295
【train】1/5 872/66465 loss:0.812365710735321
【train】1/5 873/66465 loss:0.790569007396698
【train】1/5 874/66465 loss:0.664799690246582
【train】1/5 875/66465 loss:0.8453607559204102
【train】1/5 876/66465 loss:0.4598347246646881
【train】1/5 877/66465 loss:0.45931437611579895
【train】1/5 878/66465 loss:0.4098399877548218
【train】1/5 879/66465 loss:0.6472124457359314
【train】1/5 880/66465 loss:0.7881277203559875
【train】1/5 881/66465 loss:0.9474539160728455
【train】1/5 882/66465 loss:0.5359306931495667
【train】1/5 883/66465 loss:0.7435603141784668
【train】1/5 884/66465 loss:0.8584920763969421
【train】1/5 885/66465 loss:0.6962930560112
【train】1/5 886/66465 loss:0.7350171208381653
【train】1/5 887/66465 loss:0.6220991015434265
【train】1/5 888/66465 loss:0.7834179997444153
【train】1/5 889/66465 loss:0.2956717014312744
【train】1/5 890/66465 loss:0.6112591028213501
【train】1/5 891/66465 loss:0.7156239151954651
【train】1/5 892/66465 loss:0.2899268567562103
【train】1/5 893/66465 loss:1.0135436058044434
【train】1/5 894/66465 loss:0.992790937423706
【train】1/5 895/66465 loss:0.8132779002189636
【train】1/5 896/66465 loss:1.292287826538086
【train】1/5 897/66465 loss:0.550330400466919
【train】1/5 898/66465 loss:1.207651972770691
【train】1/5 899/66465 loss:0.9471940398216248
【train】1/5 900/66465 loss:0.786449670791626
【train】1/5 901/66465 loss:1.4215517044067383
【train】1/5 902/66465 loss:0.6985571384429932
【train】1/5 903/66465 loss:0.36156269907951355
【train】1/5 904/66465 loss:1.246437668800354
【train】1/5 905/66465 loss:0.5489847660064697
【train】1/5 906/66465 loss:1.1276763677597046
【train】1/5 907/66465 loss:0.6066471338272095
【train】1/5 908/66465 loss:1.5624586343765259
【train】1/5 909/66465 loss:0.9393032193183899
【train】1/5 910/66465 loss:0.5613334774971008
【train】1/5 911/66465 loss:0.709263265132904
【train】1/5 912/66465 loss:0.8434808254241943
【train】1/5 913/66465 loss:0.4770059585571289
【train】1/5 914/66465 loss:0.596748411655426
【train】1/5 915/66465 loss:0.7192862033843994
【train】1/5 916/66465 loss:0.6733776926994324
【train】1/5 917/66465 loss:0.5944210290908813
【train】1/5 918/66465 loss:0.7204943299293518
【train】1/5 919/66465 loss:1.0058730840682983
【train】1/5 920/66465 loss:0.41883549094200134
【train】1/5 921/66465 loss:0.6027278304100037
【train】1/5 922/66465 loss:0.9491026997566223
【train】1/5 923/66465 loss:0.6117232441902161
【train】1/5 924/66465 loss:0.6719246506690979
【train】1/5 925/66465 loss:0.6629548668861389
【train】1/5 926/66465 loss:0.3545055091381073
【train】1/5 927/66465 loss:0.30659881234169006
【train】1/5 928/66465 loss:0.8363537192344666
【train】1/5 929/66465 loss:0.6462110877037048
【train】1/5 930/66465 loss:0.6374454498291016
【train】1/5 931/66465 loss:0.9953620433807373
【train】1/5 932/66465 loss:0.5146337151527405
【train】1/5 933/66465 loss:0.937453031539917
【train】1/5 934/66465 loss:0.6405339241027832
【train】1/5 935/66465 loss:0.7104878425598145
【train】1/5 936/66465 loss:0.7712773680686951
【train】1/5 937/66465 loss:0.2972492277622223
【train】1/5 938/66465 loss:1.1768800020217896
【train】1/5 939/66465 loss:0.4121689796447754
【train】1/5 940/66465 loss:0.7525658011436462
【train】1/5 941/66465 loss:0.8214231133460999
【train】1/5 942/66465 loss:0.5028747916221619
【train】1/5 943/66465 loss:0.7208879590034485
【train】1/5 944/66465 loss:0.7549235224723816
【train】1/5 945/66465 loss:0.7548697590827942
【train】1/5 946/66465 loss:0.5428439974784851
【train】1/5 947/66465 loss:0.7892816662788391
【train】1/5 948/66465 loss:0.5972719788551331
【train】1/5 949/66465 loss:0.7639317512512207
【train】1/5 950/66465 loss:0.6385533213615417
【train】1/5 951/66465 loss:0.7457109093666077
【train】1/5 952/66465 loss:0.42805376648902893
【train】1/5 953/66465 loss:0.6863728165626526
【train】1/5 954/66465 loss:0.46363475918769836
【train】1/5 955/66465 loss:0.6865714192390442
【train】1/5 956/66465 loss:0.7654184699058533
【train】1/5 957/66465 loss:0.4344348609447479
【train】1/5 958/66465 loss:0.322885662317276
【train】1/5 959/66465 loss:0.3569842576980591
【train】1/5 960/66465 loss:0.7726683616638184
【train】1/5 961/66465 loss:1.0972269773483276
【train】1/5 962/66465 loss:0.46029606461524963
【train】1/5 963/66465 loss:0.5084173083305359
【train】1/5 964/66465 loss:0.5532717108726501
【train】1/5 965/66465 loss:0.586840808391571
【train】1/5 966/66465 loss:0.740799605846405
【train】1/5 967/66465 loss:0.4813467562198639
【train】1/5 968/66465 loss:0.8761107921600342
【train】1/5 969/66465 loss:0.7022767663002014
【train】1/5 970/66465 loss:0.45612120628356934
【train】1/5 971/66465 loss:0.3243485987186432
【train】1/5 972/66465 loss:0.23468546569347382
【train】1/5 973/66465 loss:0.31134364008903503
【train】1/5 974/66465 loss:0.6356717944145203
【train】1/5 975/66465 loss:0.7748314738273621
【train】1/5 976/66465 loss:1.0152530670166016
【train】1/5 977/66465 loss:0.521592915058136
【train】1/5 978/66465 loss:0.5852149724960327
【train】1/5 979/66465 loss:0.7935831546783447
【train】1/5 980/66465 loss:0.6953073143959045
【train】1/5 981/66465 loss:0.5292125344276428
【train】1/5 982/66465 loss:0.4878040552139282
【train】1/5 983/66465 loss:0.43598923087120056
【train】1/5 984/66465 loss:0.5777812600135803
【train】1/5 985/66465 loss:0.29383543133735657
【train】1/5 986/66465 loss:0.4221740961074829
【train】1/5 987/66465 loss:0.4393039643764496
【train】1/5 988/66465 loss:0.49025657773017883
【train】1/5 989/66465 loss:0.6989453434944153
【train】1/5 990/66465 loss:0.6524115204811096
【train】1/5 991/66465 loss:0.610499382019043
【train】1/5 992/66465 loss:0.8550507426261902
【train】1/5 993/66465 loss:0.7625946402549744
【train】1/5 994/66465 loss:0.5113447308540344
【train】1/5 995/66465 loss:0.48908093571662903
【train】1/5 996/66465 loss:0.8836488723754883
【train】1/5 997/66465 loss:0.7159067988395691
【train】1/5 998/66465 loss:0.48675164580345154
【train】1/5 999/66465 loss:0.6331798434257507
【train】1/5 1000/66465 loss:1.0299577713012695
【train】1/5 1001/66465 loss:0.35504940152168274
【train】1/5 1002/66465 loss:0.6604005098342896
【train】1/5 1003/66465 loss:0.5476219058036804
【train】1/5 1004/66465 loss:0.4426887035369873
【train】1/5 1005/66465 loss:0.6645577549934387
【train】1/5 1006/66465 loss:0.5270960927009583
【train】1/5 1007/66465 loss:0.8638634085655212
【train】1/5 1008/66465 loss:0.21959911286830902
【train】1/5 1009/66465 loss:0.6629552841186523
【train】1/5 1010/66465 loss:0.8624704480171204
【train】1/5 1011/66465 loss:0.4333176612854004
【train】1/5 1012/66465 loss:0.539685845375061
【train】1/5 1013/66465 loss:0.6151269674301147
【train】1/5 1014/66465 loss:0.5099202394485474
【train】1/5 1015/66465 loss:0.5630955696105957
【train】1/5 1016/66465 loss:0.8700225949287415
【train】1/5 1017/66465 loss:0.6430308222770691
【train】1/5 1018/66465 loss:0.6607152819633484
【train】1/5 1019/66465 loss:0.534075915813446
【train】1/5 1020/66465 loss:0.7803819179534912
【train】1/5 1021/66465 loss:0.7478266358375549
【train】1/5 1022/66465 loss:0.7004737257957458
【train】1/5 1023/66465 loss:0.7508876323699951
【train】1/5 1024/66465 loss:0.6008118987083435
【train】1/5 1025/66465 loss:0.4705084264278412
【train】1/5 1026/66465 loss:0.7709961533546448
【train】1/5 1027/66465 loss:1.0237280130386353
【train】1/5 1028/66465 loss:0.8044782280921936
【train】1/5 1029/66465 loss:0.5207220911979675
【train】1/5 1030/66465 loss:0.7803660035133362
【train】1/5 1031/66465 loss:0.6090717315673828
【train】1/5 1032/66465 loss:0.6458587646484375
【train】1/5 1033/66465 loss:0.6217273473739624
【train】1/5 1034/66465 loss:0.7454085350036621
【train】1/5 1035/66465 loss:0.7393689155578613
【train】1/5 1036/66465 loss:0.6955756545066833
【train】1/5 1037/66465 loss:0.5836862325668335
【train】1/5 1038/66465 loss:0.5981957316398621
【train】1/5 1039/66465 loss:1.2810113430023193
【train】1/5 1040/66465 loss:0.5735291242599487
【train】1/5 1041/66465 loss:0.5747588276863098
【train】1/5 1042/66465 loss:0.6770768761634827
【train】1/5 1043/66465 loss:0.8731480240821838
【train】1/5 1044/66465 loss:0.5653553605079651
【train】1/5 1045/66465 loss:0.471571683883667
【train】1/5 1046/66465 loss:0.6834282279014587
【train】1/5 1047/66465 loss:0.6299926042556763
【train】1/5 1048/66465 loss:0.5556586980819702
【train】1/5 1049/66465 loss:0.4242943227291107
【train】1/5 1050/66465 loss:0.6376979351043701
【train】1/5 1051/66465 loss:0.8838211894035339
【train】1/5 1052/66465 loss:0.5620359778404236
【train】1/5 1053/66465 loss:0.8036220073699951
【train】1/5 1054/66465 loss:0.7493910789489746
【train】1/5 1055/66465 loss:0.6253082156181335
【train】1/5 1056/66465 loss:0.3837937116622925
【train】1/5 1057/66465 loss:0.37668994069099426
【train】1/5 1058/66465 loss:0.6293964982032776
【train】1/5 1059/66465 loss:1.1711945533752441
【train】1/5 1060/66465 loss:0.5765037536621094
【train】1/5 1061/66465 loss:0.5607886910438538
【train】1/5 1062/66465 loss:0.5199087262153625
【train】1/5 1063/66465 loss:0.7282373905181885
【train】1/5 1064/66465 loss:0.38940855860710144
【train】1/5 1065/66465 loss:0.4125991761684418
【train】1/5 1066/66465 loss:0.26108554005622864
【train】1/5 1067/66465 loss:0.4538797438144684
【train】1/5 1068/66465 loss:0.47829338908195496
【train】1/5 1069/66465 loss:0.43491068482398987
【train】1/5 1070/66465 loss:0.32954874634742737
【train】1/5 1071/66465 loss:0.3907334804534912
【train】1/5 1072/66465 loss:0.40249553322792053
【train】1/5 1073/66465 loss:0.7559714317321777
【train】1/5 1074/66465 loss:0.5066332221031189
【train】1/5 1075/66465 loss:0.5514196753501892
【train】1/5 1076/66465 loss:0.526240348815918
【train】1/5 1077/66465 loss:0.7894701957702637
【train】1/5 1078/66465 loss:0.4335903227329254
【train】1/5 1079/66465 loss:0.7516121864318848
【train】1/5 1080/66465 loss:0.7139952778816223
【train】1/5 1081/66465 loss:0.33281052112579346
【train】1/5 1082/66465 loss:0.7758166790008545
【train】1/5 1083/66465 loss:0.21419395506381989
【train】1/5 1084/66465 loss:0.6348980665206909
【train】1/5 1085/66465 loss:0.7815957069396973
【train】1/5 1086/66465 loss:0.389479398727417
【train】1/5 1087/66465 loss:0.34656015038490295
【train】1/5 1088/66465 loss:0.3383268415927887
【train】1/5 1089/66465 loss:0.7180851101875305
【train】1/5 1090/66465 loss:0.9359889626502991
【train】1/5 1091/66465 loss:0.3796992301940918
【train】1/5 1092/66465 loss:0.47371360659599304
【train】1/5 1093/66465 loss:0.7672492861747742
【train】1/5 1094/66465 loss:0.47028276324272156
【train】1/5 1095/66465 loss:0.4949268400669098
【train】1/5 1096/66465 loss:0.3845062255859375
【train】1/5 1097/66465 loss:0.46241846680641174
【train】1/5 1098/66465 loss:0.49662211537361145
【train】1/5 1099/66465 loss:0.5341947078704834
【train】1/5 1100/66465 loss:0.31366291642189026
【train】1/5 1101/66465 loss:0.7980095744132996
【train】1/5 1102/66465 loss:0.36443641781806946
【train】1/5 1103/66465 loss:0.8031033873558044
【train】1/5 1104/66465 loss:0.5922755002975464
【train】1/5 1105/66465 loss:0.44198107719421387
【train】1/5 1106/66465 loss:0.6660060286521912
【train】1/5 1107/66465 loss:0.5422507524490356
【train】1/5 1108/66465 loss:0.927368700504303
【train】1/5 1109/66465 loss:0.693973958492279
【train】1/5 1110/66465 loss:0.3649284541606903
【train】1/5 1111/66465 loss:0.7683405876159668
【train】1/5 1112/66465 loss:0.5444943308830261
【train】1/5 1113/66465 loss:0.8343408703804016
【train】1/5 1114/66465 loss:0.4076218903064728
【train】1/5 1115/66465 loss:0.3462410271167755
【train】1/5 1116/66465 loss:0.923825740814209
【train】1/5 1117/66465 loss:0.9293872714042664
【train】1/5 1118/66465 loss:0.5761379599571228
【train】1/5 1119/66465 loss:0.8524291515350342
【train】1/5 1120/66465 loss:0.5506044626235962
【train】1/5 1121/66465 loss:0.3686031103134155
【train】1/5 1122/66465 loss:0.3988250494003296
【train】1/5 1123/66465 loss:0.9577948451042175
【train】1/5 1124/66465 loss:0.39401909708976746
【train】1/5 1125/66465 loss:0.5167540311813354
【train】1/5 1126/66465 loss:0.49453556537628174
【train】1/5 1127/66465 loss:0.2737540304660797
【train】1/5 1128/66465 loss:0.5365415811538696
【train】1/5 1129/66465 loss:0.41724488139152527
【train】1/5 1130/66465 loss:0.36341312527656555
【train】1/5 1131/66465 loss:0.3770679533481598
【train】1/5 1132/66465 loss:0.4597260057926178
【train】1/5 1133/66465 loss:0.8410456776618958
【train】1/5 1134/66465 loss:0.3469851315021515
【train】1/5 1135/66465 loss:0.6381028294563293
【train】1/5 1136/66465 loss:0.5277289748191833
【train】1/5 1137/66465 loss:0.2692938446998596
【train】1/5 1138/66465 loss:0.46637746691703796
【train】1/5 1139/66465 loss:0.3182727098464966
【train】1/5 1140/66465 loss:0.7612141966819763
【train】1/5 1141/66465 loss:0.535862147808075
【train】1/5 1142/66465 loss:0.38814401626586914
【train】1/5 1143/66465 loss:0.24555790424346924
【train】1/5 1144/66465 loss:0.6992730498313904
【train】1/5 1145/66465 loss:0.6565507054328918
【train】1/5 1146/66465 loss:0.392796128988266
【train】1/5 1147/66465 loss:0.39252138137817383
【train】1/5 1148/66465 loss:0.6414272785186768
【train】1/5 1149/66465 loss:0.42583414912223816
【train】1/5 1150/66465 loss:0.3481478989124298
【train】1/5 1151/66465 loss:0.5454725623130798
【train】1/5 1152/66465 loss:0.5925624966621399
【train】1/5 1153/66465 loss:0.524118185043335
【train】1/5 1154/66465 loss:0.408529669046402
【train】1/5 1155/66465 loss:0.37564027309417725
【train】1/5 1156/66465 loss:0.40025627613067627
【train】1/5 1157/66465 loss:0.28165653347969055
【train】1/5 1158/66465 loss:0.7233944535255432
【train】1/5 1159/66465 loss:0.39793407917022705
【train】1/5 1160/66465 loss:0.8116642832756042
【train】1/5 1161/66465 loss:0.5427252650260925
【train】1/5 1162/66465 loss:0.5317521691322327
【train】1/5 1163/66465 loss:0.4535938501358032
【train】1/5 1164/66465 loss:0.6138627529144287
【train】1/5 1165/66465 loss:0.6724491715431213
【train】1/5 1166/66465 loss:0.41317224502563477
【train】1/5 1167/66465 loss:0.400717169046402
【train】1/5 1168/66465 loss:0.775627076625824
【train】1/5 1169/66465 loss:0.4397073984146118
【train】1/5 1170/66465 loss:0.4812980890274048
【train】1/5 1171/66465 loss:0.3339785635471344
【train】1/5 1172/66465 loss:0.936936616897583
【train】1/5 1173/66465 loss:0.6978042721748352
【train】1/5 1174/66465 loss:0.6166006326675415
【train】1/5 1175/66465 loss:0.6653581857681274
【train】1/5 1176/66465 loss:0.41414153575897217
【train】1/5 1177/66465 loss:0.680770218372345
【train】1/5 1178/66465 loss:0.2822669744491577
【train】1/5 1179/66465 loss:0.5416538715362549
【train】1/5 1180/66465 loss:0.579489529132843
【train】1/5 1181/66465 loss:0.8598842620849609
【train】1/5 1182/66465 loss:0.9968282580375671
【train】1/5 1183/66465 loss:0.44425156712532043
【train】1/5 1184/66465 loss:0.9525870680809021
【train】1/5 1185/66465 loss:0.6116182804107666
【train】1/5 1186/66465 loss:1.0413728952407837
【train】1/5 1187/66465 loss:0.6579979062080383
【train】1/5 1188/66465 loss:0.6833652853965759
【train】1/5 1189/66465 loss:1.287791132926941
【train】1/5 1190/66465 loss:0.3420703411102295
【train】1/5 1191/66465 loss:0.4129737615585327
【train】1/5 1192/66465 loss:0.5903187990188599
【train】1/5 1193/66465 loss:0.6624908447265625
【train】1/5 1194/66465 loss:0.3549421727657318
【train】1/5 1195/66465 loss:0.820341169834137
【train】1/5 1196/66465 loss:0.4781384766101837
【train】1/5 1197/66465 loss:0.39959803223609924
【train】1/5 1198/66465 loss:0.24719904363155365
【train】1/5 1199/66465 loss:0.5500979423522949
【train】1/5 1200/66465 loss:0.4859025180339813
【train】1/5 1201/66465 loss:0.32884088158607483
【train】1/5 1202/66465 loss:0.4994294345378876
【train】1/5 1203/66465 loss:0.5179157853126526
【train】1/5 1204/66465 loss:0.5890728831291199
【train】1/5 1205/66465 loss:0.8919677138328552
【train】1/5 1206/66465 loss:0.4931473731994629
【train】1/5 1207/66465 loss:0.3063574731349945
【train】1/5 1208/66465 loss:0.3959735929965973
【train】1/5 1209/66465 loss:0.7394263744354248
【train】1/5 1210/66465 loss:0.6043470501899719
【train】1/5 1211/66465 loss:0.3246971666812897
【train】1/5 1212/66465 loss:0.3046552240848541
【train】1/5 1213/66465 loss:0.7196641564369202
【train】1/5 1214/66465 loss:0.854841411113739
【train】1/5 1215/66465 loss:0.48158809542655945
【train】1/5 1216/66465 loss:0.24290472269058228
【train】1/5 1217/66465 loss:0.7724964618682861
【train】1/5 1218/66465 loss:0.34866130352020264
【train】1/5 1219/66465 loss:0.3531550168991089
【train】1/5 1220/66465 loss:0.6131457090377808
【train】1/5 1221/66465 loss:0.784736692905426
【train】1/5 1222/66465 loss:0.5887038111686707
【train】1/5 1223/66465 loss:0.7597550749778748
【train】1/5 1224/66465 loss:0.5308536887168884
【train】1/5 1225/66465 loss:0.924917995929718
【train】1/5 1226/66465 loss:0.26634493470191956
【train】1/5 1227/66465 loss:0.26722633838653564
【train】1/5 1228/66465 loss:0.5033211708068848
【train】1/5 1229/66465 loss:0.6859066486358643
【train】1/5 1230/66465 loss:0.719832718372345
【train】1/5 1231/66465 loss:0.3167029619216919
【train】1/5 1232/66465 loss:0.3202131986618042
【train】1/5 1233/66465 loss:0.3143766522407532
【train】1/5 1234/66465 loss:0.76666259765625
【train】1/5 1235/66465 loss:0.3080172836780548
【train】1/5 1236/66465 loss:0.7546350359916687
【train】1/5 1237/66465 loss:0.2224711924791336
【train】1/5 1238/66465 loss:0.40485212206840515
【train】1/5 1239/66465 loss:0.7618880867958069
【train】1/5 1240/66465 loss:0.235149547457695
【train】1/5 1241/66465 loss:0.35102763772010803
【train】1/5 1242/66465 loss:0.3529202938079834
【train】1/5 1243/66465 loss:0.43378129601478577
【train】1/5 1244/66465 loss:0.34807655215263367
【train】1/5 1245/66465 loss:0.4592878520488739
【train】1/5 1246/66465 loss:0.4124467670917511
【train】1/5 1247/66465 loss:0.631558358669281
【train】1/5 1248/66465 loss:0.38738545775413513
【train】1/5 1249/66465 loss:0.5641260743141174
【train】1/5 1250/66465 loss:0.46285727620124817
【train】1/5 1251/66465 loss:0.901378333568573
【train】1/5 1252/66465 loss:0.44872844219207764
【train】1/5 1253/66465 loss:0.698096752166748
【train】1/5 1254/66465 loss:0.3339896500110626
【train】1/5 1255/66465 loss:0.1061244085431099
【train】1/5 1256/66465 loss:0.6049348711967468
【train】1/5 1257/66465 loss:0.4529445469379425
【train】1/5 1258/66465 loss:0.23219186067581177
【train】1/5 1259/66465 loss:0.28620198369026184
【train】1/5 1260/66465 loss:0.36029982566833496
【train】1/5 1261/66465 loss:0.5577762722969055
【train】1/5 1262/66465 loss:0.21676187217235565
【train】1/5 1263/66465 loss:0.46671703457832336
【train】1/5 1264/66465 loss:0.3081344664096832
【train】1/5 1265/66465 loss:0.4362858831882477
【train】1/5 1266/66465 loss:1.0513889789581299
【train】1/5 1267/66465 loss:0.4780418872833252
【train】1/5 1268/66465 loss:0.3336835205554962
【train】1/5 1269/66465 loss:0.7128517031669617
【train】1/5 1270/66465 loss:0.7387847304344177
【train】1/5 1271/66465 loss:0.45660316944122314
【train】1/5 1272/66465 loss:0.4856879711151123
【train】1/5 1273/66465 loss:0.808622419834137
【train】1/5 1274/66465 loss:0.49772587418556213
【train】1/5 1275/66465 loss:0.4118044674396515
【train】1/5 1276/66465 loss:0.80086749792099
【train】1/5 1277/66465 loss:0.3858378231525421
【train】1/5 1278/66465 loss:0.32282280921936035
【train】1/5 1279/66465 loss:0.5572337508201599
【train】1/5 1280/66465 loss:0.5399619936943054
【train】1/5 1281/66465 loss:0.8222284913063049
【train】1/5 1282/66465 loss:0.19426478445529938
【train】1/5 1283/66465 loss:0.4741440713405609
【train】1/5 1284/66465 loss:0.5270412564277649
【train】1/5 1285/66465 loss:0.5944701433181763
【train】1/5 1286/66465 loss:0.6777104735374451
【train】1/5 1287/66465 loss:0.48343172669410706
【train】1/5 1288/66465 loss:0.3166041672229767
【train】1/5 1289/66465 loss:0.4000871479511261
【train】1/5 1290/66465 loss:0.8695253729820251
【train】1/5 1291/66465 loss:0.14415402710437775
【train】1/5 1292/66465 loss:0.5423235297203064
【train】1/5 1293/66465 loss:0.649073600769043
【train】1/5 1294/66465 loss:0.43558523058891296
【train】1/5 1295/66465 loss:0.6490059494972229
【train】1/5 1296/66465 loss:0.4821484088897705
【train】1/5 1297/66465 loss:0.5629596710205078
【train】1/5 1298/66465 loss:0.8863365054130554
【train】1/5 1299/66465 loss:0.8418139815330505
【train】1/5 1300/66465 loss:0.5143451690673828
【train】1/5 1301/66465 loss:1.1429450511932373
【train】1/5 1302/66465 loss:0.7138287425041199
【train】1/5 1303/66465 loss:0.8025941848754883
【train】1/5 1304/66465 loss:0.5744600892066956
【train】1/5 1305/66465 loss:0.5818477869033813
【train】1/5 1306/66465 loss:0.2197275012731552
【train】1/5 1307/66465 loss:1.226609230041504
【train】1/5 1308/66465 loss:1.0038092136383057
【train】1/5 1309/66465 loss:0.7699456214904785
【train】1/5 1310/66465 loss:0.8940404057502747
【train】1/5 1311/66465 loss:0.47524702548980713
【train】1/5 1312/66465 loss:0.6588514447212219
【train】1/5 1313/66465 loss:0.5547768473625183
【train】1/5 1314/66465 loss:0.5019124150276184
【train】1/5 1315/66465 loss:0.6091841459274292
【train】1/5 1316/66465 loss:0.3240196704864502
【train】1/5 1317/66465 loss:0.23956073820590973
【train】1/5 1318/66465 loss:0.5597121119499207
【train】1/5 1319/66465 loss:0.28234443068504333
【train】1/5 1320/66465 loss:0.684622585773468
【train】1/5 1321/66465 loss:0.4754842221736908
【train】1/5 1322/66465 loss:0.21952442824840546
【train】1/5 1323/66465 loss:0.6073934435844421
【train】1/5 1324/66465 loss:0.3826051652431488
【train】1/5 1325/66465 loss:0.9202814102172852
【train】1/5 1326/66465 loss:0.9102211594581604
【train】1/5 1327/66465 loss:0.24490602314472198
【train】1/5 1328/66465 loss:0.9947883486747742
【train】1/5 1329/66465 loss:0.23377375304698944
【train】1/5 1330/66465 loss:0.37685132026672363
【train】1/5 1331/66465 loss:0.375218003988266
【train】1/5 1332/66465 loss:0.5667946934700012
【train】1/5 1333/66465 loss:0.6014779806137085
【train】1/5 1334/66465 loss:0.46281278133392334
【train】1/5 1335/66465 loss:0.5420598983764648
【train】1/5 1336/66465 loss:0.7328691482543945
【train】1/5 1337/66465 loss:0.5159109234809875
【train】1/5 1338/66465 loss:0.6516488790512085
【train】1/5 1339/66465 loss:0.9688122868537903
【train】1/5 1340/66465 loss:0.5000733733177185
【train】1/5 1341/66465 loss:0.6262934803962708
【train】1/5 1342/66465 loss:0.5773963332176208
【train】1/5 1343/66465 loss:0.45126792788505554
【train】1/5 1344/66465 loss:0.5083500742912292
【train】1/5 1345/66465 loss:0.6854064464569092
【train】1/5 1346/66465 loss:0.7168407440185547
【train】1/5 1347/66465 loss:0.27088662981987
【train】1/5 1348/66465 loss:0.49801257252693176
【train】1/5 1349/66465 loss:0.5285850167274475
【train】1/5 1350/66465 loss:0.335930734872818
【train】1/5 1351/66465 loss:0.3466629981994629
【train】1/5 1352/66465 loss:0.9830958247184753
【train】1/5 1353/66465 loss:0.9512857794761658
【train】1/5 1354/66465 loss:0.27438655495643616
【train】1/5 1355/66465 loss:0.24503256380558014
【train】1/5 1356/66465 loss:0.32777565717697144
【train】1/5 1357/66465 loss:0.3812629282474518
【train】1/5 1358/66465 loss:0.6581228375434875
【train】1/5 1359/66465 loss:0.8060109615325928
【train】1/5 1360/66465 loss:0.46572908759117126
【train】1/5 1361/66465 loss:0.4962194859981537
【train】1/5 1362/66465 loss:0.5926414132118225
【train】1/5 1363/66465 loss:0.37807610630989075
【train】1/5 1364/66465 loss:1.1604686975479126
【train】1/5 1365/66465 loss:0.5143303871154785
【train】1/5 1366/66465 loss:0.6174491047859192
【train】1/5 1367/66465 loss:0.6008586883544922
【train】1/5 1368/66465 loss:0.8365070223808289
【train】1/5 1369/66465 loss:0.6676154136657715
【train】1/5 1370/66465 loss:0.13104164600372314
【train】1/5 1371/66465 loss:0.5118408799171448
【train】1/5 1372/66465 loss:0.3103311359882355
【train】1/5 1373/66465 loss:0.7113840579986572
【train】1/5 1374/66465 loss:0.5001783967018127
【train】1/5 1375/66465 loss:0.2637445330619812
【train】1/5 1376/66465 loss:0.9216957092285156
【train】1/5 1377/66465 loss:0.3550843298435211
【train】1/5 1378/66465 loss:0.8820018172264099
【train】1/5 1379/66465 loss:0.47856903076171875
【train】1/5 1380/66465 loss:0.4601185619831085
【train】1/5 1381/66465 loss:0.5765708684921265
【train】1/5 1382/66465 loss:0.4376799166202545
【train】1/5 1383/66465 loss:0.15241573750972748
【train】1/5 1384/66465 loss:0.9530785083770752
【train】1/5 1385/66465 loss:0.6054536700248718
【train】1/5 1386/66465 loss:0.41823601722717285
【train】1/5 1387/66465 loss:0.8366174697875977
【train】1/5 1388/66465 loss:0.5192837715148926
【train】1/5 1389/66465 loss:0.6412114500999451
【train】1/5 1390/66465 loss:0.358162522315979
【train】1/5 1391/66465 loss:0.484135240316391
【train】1/5 1392/66465 loss:0.24134159088134766
【train】1/5 1393/66465 loss:0.8528959155082703
【train】1/5 1394/66465 loss:0.3886193037033081
【train】1/5 1395/66465 loss:0.532102108001709
【train】1/5 1396/66465 loss:0.2385447770357132
【train】1/5 1397/66465 loss:0.7660146355628967
【train】1/5 1398/66465 loss:0.5063265562057495
【train】1/5 1399/66465 loss:0.6086941361427307
【train】1/5 1400/66465 loss:0.7241833209991455
【train】1/5 1401/66465 loss:0.7156648635864258
【train】1/5 1402/66465 loss:0.3346964120864868
【train】1/5 1403/66465 loss:0.3308262228965759
【train】1/5 1404/66465 loss:0.341268926858902
【train】1/5 1405/66465 loss:0.7384068369865417
【train】1/5 1406/66465 loss:0.6291902661323547
【train】1/5 1407/66465 loss:0.4301375448703766
【train】1/5 1408/66465 loss:0.3106764256954193
【train】1/5 1409/66465 loss:0.5446001887321472
【train】1/5 1410/66465 loss:0.6226140856742859
【train】1/5 1411/66465 loss:0.6795129179954529
【train】1/5 1412/66465 loss:0.4220772087574005
【train】1/5 1413/66465 loss:0.562881588935852
【train】1/5 1414/66465 loss:0.20839764177799225
【train】1/5 1415/66465 loss:0.5555474162101746
【train】1/5 1416/66465 loss:0.46558311581611633
【train】1/5 1417/66465 loss:0.5275501012802124
【train】1/5 1418/66465 loss:0.5549172759056091
【train】1/5 1419/66465 loss:0.42417049407958984
【train】1/5 1420/66465 loss:0.4180176556110382
【train】1/5 1421/66465 loss:0.4026072025299072
【train】1/5 1422/66465 loss:0.3891550302505493
【train】1/5 1423/66465 loss:0.6492679119110107
【train】1/5 1424/66465 loss:0.2652774155139923
【train】1/5 1425/66465 loss:0.36880624294281006
【train】1/5 1426/66465 loss:0.25223684310913086
【train】1/5 1427/66465 loss:0.3179379403591156
【train】1/5 1428/66465 loss:0.29731112718582153
【train】1/5 1429/66465 loss:0.855106770992279
【train】1/5 1430/66465 loss:0.32719919085502625
【train】1/5 1431/66465 loss:0.40960434079170227
【train】1/5 1432/66465 loss:0.7097479701042175
【train】1/5 1433/66465 loss:0.12154527753591537
【train】1/5 1434/66465 loss:0.9127993583679199
【train】1/5 1435/66465 loss:0.35794439911842346
【train】1/5 1436/66465 loss:0.4038041830062866
【train】1/5 1437/66465 loss:0.34429287910461426
【train】1/5 1438/66465 loss:0.4965423345565796
【train】1/5 1439/66465 loss:0.603335440158844
【train】1/5 1440/66465 loss:0.3716674745082855
【train】1/5 1441/66465 loss:0.20486098527908325
【train】1/5 1442/66465 loss:0.4174802601337433
【train】1/5 1443/66465 loss:0.6055472493171692
【train】1/5 1444/66465 loss:0.6732402443885803
【train】1/5 1445/66465 loss:0.5467969179153442
【train】1/5 1446/66465 loss:0.36235105991363525
【train】1/5 1447/66465 loss:0.5240941643714905
【train】1/5 1448/66465 loss:0.2222280502319336
【train】1/5 1449/66465 loss:0.7614874839782715
【train】1/5 1450/66465 loss:0.6184480786323547
【train】1/5 1451/66465 loss:0.4774992763996124
【train】1/5 1452/66465 loss:0.5653710961341858
【train】1/5 1453/66465 loss:0.7581987380981445
【train】1/5 1454/66465 loss:0.3891606032848358
【train】1/5 1455/66465 loss:0.45337215065956116
【train】1/5 1456/66465 loss:0.8148536682128906
【train】1/5 1457/66465 loss:0.2041940540075302
【train】1/5 1458/66465 loss:0.4184161126613617
【train】1/5 1459/66465 loss:0.4489056169986725
【train】1/5 1460/66465 loss:0.16914112865924835
【train】1/5 1461/66465 loss:0.41570040583610535
【train】1/5 1462/66465 loss:0.3574798107147217
【train】1/5 1463/66465 loss:0.14434199035167694
【train】1/5 1464/66465 loss:0.4848743975162506
【train】1/5 1465/66465 loss:0.7766526341438293
【train】1/5 1466/66465 loss:0.6635895371437073
【train】1/5 1467/66465 loss:0.3365023136138916
【train】1/5 1468/66465 loss:0.6151332259178162
【train】1/5 1469/66465 loss:0.49936214089393616
【train】1/5 1470/66465 loss:0.38646116852760315
【train】1/5 1471/66465 loss:0.20584462583065033
【train】1/5 1472/66465 loss:0.24701446294784546
【train】1/5 1473/66465 loss:0.643313467502594
【train】1/5 1474/66465 loss:0.7713451981544495
【train】1/5 1475/66465 loss:0.5954834818840027
【train】1/5 1476/66465 loss:0.8879792094230652
【train】1/5 1477/66465 loss:0.7300582528114319
【train】1/5 1478/66465 loss:0.5457696914672852
【train】1/5 1479/66465 loss:0.41810908913612366
【train】1/5 1480/66465 loss:0.45884883403778076
【train】1/5 1481/66465 loss:0.7188771367073059
【train】1/5 1482/66465 loss:0.3115888833999634
【train】1/5 1483/66465 loss:0.39558330178260803
【train】1/5 1484/66465 loss:0.4977368116378784
【train】1/5 1485/66465 loss:0.7851769924163818
【train】1/5 1486/66465 loss:0.23865140974521637
【train】1/5 1487/66465 loss:0.5097043514251709
【train】1/5 1488/66465 loss:0.3745385408401489
【train】1/5 1489/66465 loss:0.19989116489887238
【train】1/5 1490/66465 loss:0.46514955163002014
【train】1/5 1491/66465 loss:0.41853663325309753
【train】1/5 1492/66465 loss:0.9248897433280945
【train】1/5 1493/66465 loss:0.42174455523490906
【train】1/5 1494/66465 loss:0.7444879412651062
【train】1/5 1495/66465 loss:0.5362264513969421
【train】1/5 1496/66465 loss:0.9557628631591797
【train】1/5 1497/66465 loss:0.6168078184127808
【train】1/5 1498/66465 loss:0.7808744311332703
【train】1/5 1499/66465 loss:0.32212671637535095
【train】1/5 1500/66465 loss:0.23495642840862274
【train】1/5 1501/66465 loss:0.3710739314556122
【train】1/5 1502/66465 loss:0.7235569357872009
【train】1/5 1503/66465 loss:0.32165947556495667
【train】1/5 1504/66465 loss:0.5026621222496033
【train】1/5 1505/66465 loss:0.42981424927711487
【train】1/5 1506/66465 loss:0.6451330780982971
【train】1/5 1507/66465 loss:0.5638334155082703
【train】1/5 1508/66465 loss:0.3898065388202667
【train】1/5 1509/66465 loss:0.4023556709289551
【train】1/5 1510/66465 loss:0.6770908236503601
【train】1/5 1511/66465 loss:0.2862832844257355
【train】1/5 1512/66465 loss:0.7362015843391418
【train】1/5 1513/66465 loss:0.34459516406059265
【train】1/5 1514/66465 loss:0.45754361152648926
【train】1/5 1515/66465 loss:0.4181942045688629
【train】1/5 1516/66465 loss:0.5684583187103271
【train】1/5 1517/66465 loss:0.3963428735733032
【train】1/5 1518/66465 loss:0.5250824093818665
【train】1/5 1519/66465 loss:0.5645284056663513
【train】1/5 1520/66465 loss:0.5543545484542847
【train】1/5 1521/66465 loss:0.3881448209285736
【train】1/5 1522/66465 loss:0.2637380063533783
【train】1/5 1523/66465 loss:0.7297101020812988
【train】1/5 1524/66465 loss:0.4350036382675171
【train】1/5 1525/66465 loss:0.3925212323665619
【train】1/5 1526/66465 loss:0.5790922045707703
【train】1/5 1527/66465 loss:0.3606816828250885
【train】1/5 1528/66465 loss:0.5267295241355896
【train】1/5 1529/66465 loss:0.19850432872772217
【train】1/5 1530/66465 loss:0.6219984292984009
【train】1/5 1531/66465 loss:0.3416580259799957
【train】1/5 1532/66465 loss:0.18635211884975433
【train】1/5 1533/66465 loss:0.2645450234413147
【train】1/5 1534/66465 loss:0.6243484020233154
【train】1/5 1535/66465 loss:0.3707180917263031
【train】1/5 1536/66465 loss:0.18248461186885834
【train】1/5 1537/66465 loss:0.4874764382839203
【train】1/5 1538/66465 loss:0.1658724695444107
【train】1/5 1539/66465 loss:0.39599427580833435
【train】1/5 1540/66465 loss:0.8165311217308044
【train】1/5 1541/66465 loss:0.2875773012638092
【train】1/5 1542/66465 loss:0.3698735535144806
【train】1/5 1543/66465 loss:0.6734542846679688
【train】1/5 1544/66465 loss:0.3095565736293793
【train】1/5 1545/66465 loss:0.5830690860748291
【train】1/5 1546/66465 loss:0.38574814796447754
【train】1/5 1547/66465 loss:0.18601767718791962
【train】1/5 1548/66465 loss:0.6081785559654236
【train】1/5 1549/66465 loss:0.3138885200023651
【train】1/5 1550/66465 loss:0.6140090823173523
【train】1/5 1551/66465 loss:0.5564760565757751
【train】1/5 1552/66465 loss:0.2401580959558487
【train】1/5 1553/66465 loss:0.5040776133537292
【train】1/5 1554/66465 loss:0.36853960156440735
【train】1/5 1555/66465 loss:0.37484729290008545
【train】1/5 1556/66465 loss:0.2860793471336365
【train】1/5 1557/66465 loss:0.34974077343940735
【train】1/5 1558/66465 loss:0.3384521007537842
【train】1/5 1559/66465 loss:0.4550827741622925
【train】1/5 1560/66465 loss:0.34311413764953613
【train】1/5 1561/66465 loss:0.37346208095550537
【train】1/5 1562/66465 loss:0.5246085524559021
【train】1/5 1563/66465 loss:0.41727280616760254
【train】1/5 1564/66465 loss:0.3237823247909546
【train】1/5 1565/66465 loss:0.2915838658809662
【train】1/5 1566/66465 loss:0.33510062098503113
【train】1/5 1567/66465 loss:0.26717495918273926
【train】1/5 1568/66465 loss:0.3627692461013794
【train】1/5 1569/66465 loss:0.2648720443248749
【train】1/5 1570/66465 loss:0.42583155632019043
【train】1/5 1571/66465 loss:0.30190151929855347
【train】1/5 1572/66465 loss:0.17514699697494507
【train】1/5 1573/66465 loss:0.3625427484512329
【train】1/5 1574/66465 loss:0.43578222393989563
【train】1/5 1575/66465 loss:0.46990105509757996
【train】1/5 1576/66465 loss:0.649937629699707
【train】1/5 1577/66465 loss:0.556395411491394
【train】1/5 1578/66465 loss:0.6071582436561584
【train】1/5 1579/66465 loss:0.669765055179596
【train】1/5 1580/66465 loss:0.5157094597816467
【train】1/5 1581/66465 loss:0.34270405769348145
【train】1/5 1582/66465 loss:0.5197739601135254
【train】1/5 1583/66465 loss:0.4218496084213257
【train】1/5 1584/66465 loss:0.3828980624675751
